{"timestamp": "2025-11-26T07:14:38.477364", "level": "INFO", "logger": "root", "message": "Logging configuration completed", "module": "logging_config", "function": "setup_logging", "line": 97}
{"timestamp": "2025-11-26T07:14:40.318480", "level": "INFO", "logger": "root", "message": "Logging configuration completed", "module": "logging_config", "function": "setup_logging", "line": 97}
{"timestamp": "2025-11-26T07:14:40.329156", "level": "INFO", "logger": "root", "message": "Logging configuration completed", "module": "logging_config", "function": "setup_logging", "line": 97}
{"timestamp": "2025-11-26T07:14:40.329990", "level": "INFO", "logger": "src.core.service_manager", "message": "Initializing services...", "module": "service_manager", "function": "initialize", "line": 53}
{"timestamp": "2025-11-26T07:14:40.330937", "level": "ERROR", "logger": "src.storage.redis_manager", "message": "Failed to connect to Redis: Error 111 connecting to localhost:6379. 111.", "module": "redis_manager", "function": "connect", "line": 49}
{"timestamp": "2025-11-26T07:14:40.427748", "level": "INFO", "logger": "watchfiles.main", "message": "2 changes detected", "module": "main", "function": "_log_changes", "line": 308}
{"timestamp": "2025-11-26T07:14:40.778582", "level": "INFO", "logger": "watchfiles.main", "message": "1 change detected", "module": "main", "function": "_log_changes", "line": 308}
{"timestamp": "2025-11-26T07:14:41.129199", "level": "INFO", "logger": "watchfiles.main", "message": "1 change detected", "module": "main", "function": "_log_changes", "line": 308}
{"timestamp": "2025-11-26T07:14:41.479964", "level": "INFO", "logger": "watchfiles.main", "message": "1 change detected", "module": "main", "function": "_log_changes", "line": 308}
{"timestamp": "2025-11-26T07:14:41.830777", "level": "INFO", "logger": "watchfiles.main", "message": "1 change detected", "module": "main", "function": "_log_changes", "line": 308}
{"timestamp": "2025-11-26T07:14:42.181525", "level": "INFO", "logger": "watchfiles.main", "message": "1 change detected", "module": "main", "function": "_log_changes", "line": 308}
{"timestamp": "2025-11-26T07:14:42.532152", "level": "INFO", "logger": "watchfiles.main", "message": "1 change detected", "module": "main", "function": "_log_changes", "line": 308}
{"timestamp": "2025-11-26T07:14:42.882742", "level": "INFO", "logger": "watchfiles.main", "message": "1 change detected", "module": "main", "function": "_log_changes", "line": 308}
{"timestamp": "2025-11-26T07:14:43.233400", "level": "INFO", "logger": "watchfiles.main", "message": "1 change detected", "module": "main", "function": "_log_changes", "line": 308}
{"timestamp": "2025-11-26T07:14:43.584061", "level": "INFO", "logger": "watchfiles.main", "message": "1 change detected", "module": "main", "function": "_log_changes", "line": 308}
{"timestamp": "2025-11-26T07:14:43.934654", "level": "INFO", "logger": "watchfiles.main", "message": "1 change detected", "module": "main", "function": "_log_changes", "line": 308}
{"timestamp": "2025-11-26T07:14:44.285311", "level": "INFO", "logger": "watchfiles.main", "message": "1 change detected", "module": "main", "function": "_log_changes", "line": 308}
{"timestamp": "2025-11-26T07:14:44.636407", "level": "INFO", "logger": "watchfiles.main", "message": "1 change detected", "module": "main", "function": "_log_changes", "line": 308}
{"timestamp": "2025-11-26T07:14:44.987089", "level": "INFO", "logger": "watchfiles.main", "message": "1 change detected", "module": "main", "function": "_log_changes", "line": 308}
{"timestamp": "2025-11-26T07:14:45.337650", "level": "INFO", "logger": "watchfiles.main", "message": "1 change detected", "module": "main", "function": "_log_changes", "line": 308}
{"timestamp": "2025-11-26T07:14:45.688434", "level": "INFO", "logger": "watchfiles.main", "message": "1 change detected", "module": "main", "function": "_log_changes", "line": 308}
{"timestamp": "2025-11-26T07:14:46.039106", "level": "INFO", "logger": "watchfiles.main", "message": "1 change detected", "module": "main", "function": "_log_changes", "line": 308}
{"timestamp": "2025-11-26T07:14:46.389961", "level": "INFO", "logger": "watchfiles.main", "message": "1 change detected", "module": "main", "function": "_log_changes", "line": 308}
{"timestamp": "2025-11-26T07:14:46.740805", "level": "INFO", "logger": "watchfiles.main", "message": "1 change detected", "module": "main", "function": "_log_changes", "line": 308}
{"timestamp": "2025-11-26T07:14:47.091646", "level": "INFO", "logger": "watchfiles.main", "message": "1 change detected", "module": "main", "function": "_log_changes", "line": 308}
{"timestamp": "2025-11-26T07:14:47.442632", "level": "INFO", "logger": "watchfiles.main", "message": "1 change detected", "module": "main", "function": "_log_changes", "line": 308}
{"timestamp": "2025-11-26T07:14:47.793495", "level": "INFO", "logger": "watchfiles.main", "message": "1 change detected", "module": "main", "function": "_log_changes", "line": 308}
{"timestamp": "2025-11-26T07:14:48.144362", "level": "INFO", "logger": "watchfiles.main", "message": "1 change detected", "module": "main", "function": "_log_changes", "line": 308}
{"timestamp": "2025-11-26T07:14:48.495056", "level": "INFO", "logger": "watchfiles.main", "message": "1 change detected", "module": "main", "function": "_log_changes", "line": 308}
{"timestamp": "2025-11-26T07:14:48.845734", "level": "INFO", "logger": "watchfiles.main", "message": "1 change detected", "module": "main", "function": "_log_changes", "line": 308}
{"timestamp": "2025-11-26T07:14:49.196374", "level": "INFO", "logger": "watchfiles.main", "message": "1 change detected", "module": "main", "function": "_log_changes", "line": 308}
{"timestamp": "2025-11-26T07:14:49.547076", "level": "INFO", "logger": "watchfiles.main", "message": "1 change detected", "module": "main", "function": "_log_changes", "line": 308}
{"timestamp": "2025-11-26T07:14:49.897750", "level": "INFO", "logger": "watchfiles.main", "message": "1 change detected", "module": "main", "function": "_log_changes", "line": 308}
{"timestamp": "2025-11-26T07:14:50.248476", "level": "INFO", "logger": "watchfiles.main", "message": "1 change detected", "module": "main", "function": "_log_changes", "line": 308}
{"timestamp": "2025-11-26T07:14:50.599078", "level": "INFO", "logger": "watchfiles.main", "message": "1 change detected", "module": "main", "function": "_log_changes", "line": 308}
{"timestamp": "2025-11-26T07:14:50.949794", "level": "INFO", "logger": "watchfiles.main", "message": "1 change detected", "module": "main", "function": "_log_changes", "line": 308}
{"timestamp": "2025-11-26T07:14:51.300693", "level": "INFO", "logger": "watchfiles.main", "message": "1 change detected", "module": "main", "function": "_log_changes", "line": 308}
{"timestamp": "2025-11-26T07:14:51.651581", "level": "INFO", "logger": "watchfiles.main", "message": "1 change detected", "module": "main", "function": "_log_changes", "line": 308}
{"timestamp": "2025-11-26T07:14:52.002285", "level": "INFO", "logger": "watchfiles.main", "message": "1 change detected", "module": "main", "function": "_log_changes", "line": 308}
{"timestamp": "2025-11-26T07:14:52.352983", "level": "INFO", "logger": "watchfiles.main", "message": "1 change detected", "module": "main", "function": "_log_changes", "line": 308}
{"timestamp": "2025-11-26T07:14:52.703633", "level": "INFO", "logger": "watchfiles.main", "message": "1 change detected", "module": "main", "function": "_log_changes", "line": 308}
{"timestamp": "2025-11-26T07:14:53.054360", "level": "INFO", "logger": "watchfiles.main", "message": "1 change detected", "module": "main", "function": "_log_changes", "line": 308}
{"timestamp": "2025-11-26T07:14:53.405141", "level": "INFO", "logger": "watchfiles.main", "message": "1 change detected", "module": "main", "function": "_log_changes", "line": 308}
{"timestamp": "2025-11-26T07:14:53.755865", "level": "INFO", "logger": "watchfiles.main", "message": "1 change detected", "module": "main", "function": "_log_changes", "line": 308}
{"timestamp": "2025-11-26T07:14:54.106548", "level": "INFO", "logger": "watchfiles.main", "message": "1 change detected", "module": "main", "function": "_log_changes", "line": 308}
{"timestamp": "2025-11-26T07:14:54.457399", "level": "INFO", "logger": "watchfiles.main", "message": "1 change detected", "module": "main", "function": "_log_changes", "line": 308}
{"timestamp": "2025-11-26T07:14:54.808676", "level": "INFO", "logger": "watchfiles.main", "message": "1 change detected", "module": "main", "function": "_log_changes", "line": 308}
{"timestamp": "2025-11-26T07:14:55.159892", "level": "INFO", "logger": "watchfiles.main", "message": "1 change detected", "module": "main", "function": "_log_changes", "line": 308}
{"timestamp": "2025-11-26T07:14:55.510643", "level": "INFO", "logger": "watchfiles.main", "message": "1 change detected", "module": "main", "function": "_log_changes", "line": 308}
{"timestamp": "2025-11-26T07:14:55.861335", "level": "INFO", "logger": "watchfiles.main", "message": "1 change detected", "module": "main", "function": "_log_changes", "line": 308}
{"timestamp": "2025-11-26T07:14:56.211948", "level": "INFO", "logger": "watchfiles.main", "message": "1 change detected", "module": "main", "function": "_log_changes", "line": 308}
{"timestamp": "2025-11-26T07:14:56.562841", "level": "INFO", "logger": "watchfiles.main", "message": "1 change detected", "module": "main", "function": "_log_changes", "line": 308}
{"timestamp": "2025-11-26T07:14:56.913541", "level": "INFO", "logger": "watchfiles.main", "message": "1 change detected", "module": "main", "function": "_log_changes", "line": 308}
{"timestamp": "2025-11-26T07:14:57.264122", "level": "INFO", "logger": "watchfiles.main", "message": "1 change detected", "module": "main", "function": "_log_changes", "line": 308}
{"timestamp": "2025-11-26T07:14:57.614991", "level": "INFO", "logger": "watchfiles.main", "message": "1 change detected", "module": "main", "function": "_log_changes", "line": 308}
{"timestamp": "2025-11-26T07:14:57.965674", "level": "INFO", "logger": "watchfiles.main", "message": "1 change detected", "module": "main", "function": "_log_changes", "line": 308}
{"timestamp": "2025-11-26T07:14:58.316274", "level": "INFO", "logger": "watchfiles.main", "message": "1 change detected", "module": "main", "function": "_log_changes", "line": 308}
{"timestamp": "2025-11-26T07:14:58.667029", "level": "INFO", "logger": "watchfiles.main", "message": "1 change detected", "module": "main", "function": "_log_changes", "line": 308}
{"timestamp": "2025-11-26T07:14:59.017937", "level": "INFO", "logger": "watchfiles.main", "message": "1 change detected", "module": "main", "function": "_log_changes", "line": 308}
{"timestamp": "2025-11-26T07:14:59.368621", "level": "INFO", "logger": "watchfiles.main", "message": "1 change detected", "module": "main", "function": "_log_changes", "line": 308}
{"timestamp": "2025-11-26T07:14:59.719770", "level": "INFO", "logger": "watchfiles.main", "message": "1 change detected", "module": "main", "function": "_log_changes", "line": 308}
{"timestamp": "2025-11-26T07:15:00.071042", "level": "INFO", "logger": "watchfiles.main", "message": "1 change detected", "module": "main", "function": "_log_changes", "line": 308}
{"timestamp": "2025-11-26T07:15:00.421889", "level": "INFO", "logger": "watchfiles.main", "message": "1 change detected", "module": "main", "function": "_log_changes", "line": 308}
{"timestamp": "2025-11-26T07:15:00.772698", "level": "INFO", "logger": "watchfiles.main", "message": "1 change detected", "module": "main", "function": "_log_changes", "line": 308}
{"timestamp": "2025-11-26T07:15:01.123542", "level": "INFO", "logger": "watchfiles.main", "message": "1 change detected", "module": "main", "function": "_log_changes", "line": 308}
{"timestamp": "2025-11-26T07:15:01.474412", "level": "INFO", "logger": "watchfiles.main", "message": "1 change detected", "module": "main", "function": "_log_changes", "line": 308}
{"timestamp": "2025-11-26T07:15:01.825475", "level": "INFO", "logger": "watchfiles.main", "message": "1 change detected", "module": "main", "function": "_log_changes", "line": 308}
{"timestamp": "2025-11-26T07:15:02.176192", "level": "INFO", "logger": "watchfiles.main", "message": "1 change detected", "module": "main", "function": "_log_changes", "line": 308}
{"timestamp": "2025-11-26T07:15:02.526963", "level": "INFO", "logger": "watchfiles.main", "message": "1 change detected", "module": "main", "function": "_log_changes", "line": 308}
{"timestamp": "2025-11-26T07:15:02.877617", "level": "INFO", "logger": "watchfiles.main", "message": "1 change detected", "module": "main", "function": "_log_changes", "line": 308}
{"timestamp": "2025-11-26T07:15:03.228304", "level": "INFO", "logger": "watchfiles.main", "message": "1 change detected", "module": "main", "function": "_log_changes", "line": 308}
{"timestamp": "2025-11-26T07:15:03.579172", "level": "INFO", "logger": "watchfiles.main", "message": "1 change detected", "module": "main", "function": "_log_changes", "line": 308}
{"timestamp": "2025-11-26T07:15:03.930170", "level": "INFO", "logger": "watchfiles.main", "message": "1 change detected", "module": "main", "function": "_log_changes", "line": 308}
{"timestamp": "2025-11-26T07:15:04.280876", "level": "INFO", "logger": "watchfiles.main", "message": "1 change detected", "module": "main", "function": "_log_changes", "line": 308}
{"timestamp": "2025-11-26T07:15:04.631864", "level": "INFO", "logger": "watchfiles.main", "message": "1 change detected", "module": "main", "function": "_log_changes", "line": 308}
{"timestamp": "2025-11-26T07:15:04.982715", "level": "INFO", "logger": "watchfiles.main", "message": "1 change detected", "module": "main", "function": "_log_changes", "line": 308}
{"timestamp": "2025-11-26T07:15:05.333379", "level": "INFO", "logger": "watchfiles.main", "message": "1 change detected", "module": "main", "function": "_log_changes", "line": 308}
{"timestamp": "2025-11-26T07:15:05.684126", "level": "INFO", "logger": "watchfiles.main", "message": "1 change detected", "module": "main", "function": "_log_changes", "line": 308}
{"timestamp": "2025-11-26T07:15:06.034831", "level": "INFO", "logger": "watchfiles.main", "message": "1 change detected", "module": "main", "function": "_log_changes", "line": 308}
